<?xml version="1.0" encoding="UTF-8" ?>
<testsuite tests="22" failures="0" name="runner.TestRunnerJUnit" time="112.344" errors="0" skipped="7">
  <properties>
    <property name="java.runtime.name" value="Java(TM) SE Runtime Environment"/>
    <property name="sun.boot.library.path" value="C:\Program Files\Java\jdk1.8.0_191\jre\bin"/>
    <property name="java.vm.version" value="25.191-b12"/>
    <property name="java.vm.vendor" value="Oracle Corporation"/>
    <property name="maven.multiModuleProjectDirectory" value="C:/Users/salma/Downloads/CaraAutomation"/>
    <property name="java.vendor.url" value="http://java.oracle.com/"/>
    <property name="path.separator" value=";"/>
    <property name="guice.disable.misplaced.annotation.check" value="true"/>
    <property name="java.vm.name" value="Java HotSpot(TM) 64-Bit Server VM"/>
    <property name="file.encoding.pkg" value="sun.io"/>
    <property name="user.script" value=""/>
    <property name="user.country" value="US"/>
    <property name="sun.java.launcher" value="SUN_STANDARD"/>
    <property name="sun.os.patch.level" value=""/>
    <property name="java.vm.specification.name" value="Java Virtual Machine Specification"/>
    <property name="user.dir" value="C:\Users\salma\Downloads\CaraAutomation"/>
    <property name="java.runtime.version" value="1.8.0_191-b12"/>
    <property name="java.awt.graphicsenv" value="sun.awt.Win32GraphicsEnvironment"/>
    <property name="java.endorsed.dirs" value="C:\Program Files\Java\jdk1.8.0_191\jre\lib\endorsed"/>
    <property name="os.arch" value="amd64"/>
    <property name="java.io.tmpdir" value="C:\Users\salma\AppData\Local\Temp\"/>
    <property name="line.separator" value="
"/>
    <property name="java.vm.specification.vendor" value="Oracle Corporation"/>
    <property name="user.variant" value=""/>
    <property name="os.name" value="Windows 10"/>
    <property name="classworlds.conf" value="C:/apache-maven-3.5.4/bin/m2.conf"/>
    <property name="sun.jnu.encoding" value="Cp1252"/>
    <property name="java.library.path" value="C:\Program Files\Java\jdk1.8.0_191\bin;C:\WINDOWS\Sun\Java\bin;C:\WINDOWS\system32;C:\WINDOWS;C:\Users\salma\bin;C:\Program Files\Git\mingw64\bin;C:\Program Files\Git\usr\local\bin;C:\Program Files\Git\usr\bin;C:\Program Files\Git\usr\bin;C:\Program Files\Git\mingw64\bin;C:\Program Files\Git\usr\bin;C:\Users\salma\bin;C:\ProgramData\Anaconda3;C:\ProgramData\Anaconda3\Library\mingw-w64\bin;C:\ProgramData\Anaconda3\Library\usr\bin;C:\ProgramData\Anaconda3\Library\bin;C:\ProgramData\Anaconda3\Scripts;C:\Program Files (x86)\Common Files\Oracle\Java\javapath;C:\Program Files (x86)\Intel\iCLS Client;C:\Program Files\Intel\iCLS Client;C:\WINDOWS\system32;C:\WINDOWS;C:\WINDOWS\System32\Wbem;C:\WINDOWS\System32\WindowsPowerShell\v1.0;C:\Program Files (x86)\Intel\Intel(R) Management Engine Components\DAL;C:\Program Files\Intel\Intel(R) Management Engine Components\DAL;C:\Program Files (x86)\Intel\Intel(R) Management Engine Components\IPT;C:\Program Files\Intel\Intel(R) Management Engine Components\IPT;C:\Program Files\Git\cmd;C:\WINDOWS\System32\OpenSSH;C:\Program Files\nodejs;C:\Program Files\Java\jdk1.8.0_191\bin;C:\Users\salma\AppData\Local\Android\Sdk\tools\bin;C:\Users\salma\AppData\Local\Android\Sdk\tools;C:\Users\salma\AppData\Local\Android\Sdk\platform-tools;C:\Users\salma\AppData\Local\Android\Sdk\platforms;C:\Users\salma\AppData\Local\Android\Sdk;C:\Users\salma\AppData\Local\Microsoft\WindowsApps;C:\apache-maven-3.5.4\bin;C:\Program Files (x86)\Google\Chrome\Application\chrome.exe;C:\Users\salma\AppData\Local\Programs\Microsoft VS Code\bin;C:\Users\salma\AppData\Roaming\npm;C:\Program Files\JetBrains\PyCharm Community Edition 2019.1.3\bin;C:\Program Files\JetBrains\PyCharm Community Edition with Anaconda plugin 2019.2\bin;C:\Program Files\JetBrains\IntelliJ IDEA Community Edition 2019.2.4\bin;C:\Program Files\Git\usr\bin\vendor_perl;C:\Program Files\Git\usr\bin\core_perl;."/>
    <property name="maven.conf" value="C:/apache-maven-3.5.4/conf"/>
    <property name="java.specification.name" value="Java Platform API Specification"/>
    <property name="java.class.version" value="52.0"/>
    <property name="sun.management.compiler" value="HotSpot 64-Bit Tiered Compilers"/>
    <property name="os.version" value="10.0"/>
    <property name="library.jansi.path" value="C:/apache-maven-3.5.4/lib/jansi-native"/>
    <property name="user.home" value="C:\Users\salma"/>
    <property name="user.timezone" value="Europe/Berlin"/>
    <property name="java.awt.printerjob" value="sun.awt.windows.WPrinterJob"/>
    <property name="java.specification.version" value="1.8"/>
    <property name="file.encoding" value="Cp1252"/>
    <property name="user.name" value="salma"/>
    <property name="java.class.path" value="C:/apache-maven-3.5.4/boot/plexus-classworlds-2.5.2.jar"/>
    <property name="java.vm.specification.version" value="1.8"/>
    <property name="sun.arch.data.model" value="64"/>
    <property name="java.home" value="C:\Program Files\Java\jdk1.8.0_191\jre"/>
    <property name="sun.java.command" value="org.codehaus.plexus.classworlds.launcher.Launcher test"/>
    <property name="java.specification.vendor" value="Oracle Corporation"/>
    <property name="user.language" value="en"/>
    <property name="awt.toolkit" value="sun.awt.windows.WToolkit"/>
    <property name="java.vm.info" value="mixed mode"/>
    <property name="java.version" value="1.8.0_191"/>
    <property name="java.ext.dirs" value="C:\Program Files\Java\jdk1.8.0_191\jre\lib\ext;C:\WINDOWS\Sun\Java\lib\ext"/>
    <property name="sun.boot.class.path" value="C:\Program Files\Java\jdk1.8.0_191\jre\lib\resources.jar;C:\Program Files\Java\jdk1.8.0_191\jre\lib\rt.jar;C:\Program Files\Java\jdk1.8.0_191\jre\lib\sunrsasign.jar;C:\Program Files\Java\jdk1.8.0_191\jre\lib\jsse.jar;C:\Program Files\Java\jdk1.8.0_191\jre\lib\jce.jar;C:\Program Files\Java\jdk1.8.0_191\jre\lib\charsets.jar;C:\Program Files\Java\jdk1.8.0_191\jre\lib\jfr.jar;C:\Program Files\Java\jdk1.8.0_191\jre\classes"/>
    <property name="java.vendor" value="Oracle Corporation"/>
    <property name="maven.home" value="C:\apache-maven-3.5.4"/>
    <property name="file.separator" value="\"/>
    <property name="java.vendor.url.bug" value="http://bugreport.sun.com/bugreport/"/>
    <property name="sun.cpu.endian" value="little"/>
    <property name="sun.io.unicode.encoding" value="UnicodeLittle"/>
    <property name="sun.desktop" value="windows"/>
    <property name="sun.cpu.isalist" value="amd64"/>
  </properties>
  <testcase classname="| Jim | Male | 32 | Bloating | IBS | 2 | No | No | Not Now | Play Store |" name="Given I tap Get started button" time="0.003"/>
  <testcase classname="| Jim | Male | 32 | Bloating | IBS | 2 | No | No | Not Now | Play Store |" name="And I insert my name as &quot;Jim&quot;" time="0"/>
  <testcase classname="| Jim | Male | 32 | Bloating | IBS | 2 | No | No | Not Now | Play Store |" name="And I select my &quot;Male&quot;" time="0.001"/>
  <testcase classname="| Jim | Male | 32 | Bloating | IBS | 2 | No | No | Not Now | Play Store |" name="And I insert my age as &quot;32&quot;" time="0"/>
  <testcase classname="| Jim | Male | 32 | Bloating | IBS | 2 | No | No | Not Now | Play Store |" name="And I click on &quot;Bloating&quot;" time="0"/>
  <testcase classname="| Jim | Male | 32 | Bloating | IBS | 2 | No | No | Not Now | Play Store |" name="And I click on the &quot;IBS&quot;" time="0"/>
  <testcase classname="| Jim | Male | 32 | Bloating | IBS | 2 | No | No | Not Now | Play Store |" name="And I specify &quot;2&quot; of my problem" time="0"/>
  <testcase classname="| Jim | Male | 32 | Bloating | IBS | 2 | No | No | Not Now | Play Store |" name="And I  am receiving &quot;No&quot;" time="0"/>
  <testcase classname="| Jim | Male | 32 | Bloating | IBS | 2 | No | No | Not Now | Play Store |" name="And I am taking &quot;No&quot;" time="0"/>
  <testcase classname="| Jim | Male | 32 | Bloating | IBS | 2 | No | No | Not Now | Play Store |" name="And I insert my Email as &quot;Not Now&quot;" time="0"/>
  <testcase classname="| Jim | Male | 32 | Bloating | IBS | 2 | No | No | Not Now | Play Store |" name="And I hear about the app in an &quot;Play Store&quot;" time="0"/>
  <testcase classname="| Jim | Male | 32 | Bloating | IBS | 2 | No | No | Not Now | Play Store |" name="When I click on OK" time="0"/>
  <testcase classname="| Jim | Male | 32 | Bloating | IBS | 2 | No | No | Not Now | Play Store |" name="Then I am in Dashboard view" time="0"/>
  <testcase classname="| Jim | Male | 32 | Bloating | IBS | 2 | No | No | Not Now | Play Store |" name="| Jim | Male | 32 | Bloating | IBS | 2 | No | No | Not Now | Play Store |" time="0.303"/>
  <testcase classname="Scenario: Check a premium user can subscribe for a new program" name="Given I am a premium user" time="13.959">
    <skipped/>
    <system-out>
  Scenario Outline: User makes his profile before he starts using the App. # onboarding.feature:20
    Given I tap Get started button                                         # OnboardingSteps.i_tap_Get_started_button()
    And I insert my name as &quot;Jim&quot;                                          # OnboardingSteps.i_insert_my_name_as(String)
    And I select my &quot;Male&quot;                                                 # OnboardingSteps.i_select_my(String)
    And I insert my age as &quot;32&quot;                                            # OnboardingSteps.i_insert_my_age_as(String)
    And I click on &quot;Bloating&quot;                                              # OnboardingSteps.i_click_on(String)
    And I click on the &quot;IBS&quot;                                               # OnboardingSteps.i_click_on_the(String)
    And I specify &quot;2&quot; of my problem                                        # OnboardingSteps.i_specify_of_my_problem(String)
    And I  am receiving &quot;No&quot;                                               # OnboardingSteps.i_am_receiving(String)
    And I am taking &quot;No&quot;                                                   # OnboardingSteps.i_am_taking(String)
    And I insert my Email as &quot;Not Now&quot;                                     # OnboardingSteps.i_insert_my_Email_as(String)
    And I hear about the app in an &quot;Play Store&quot;                            # OnboardingSteps.i_hear_about_the_app_in_an(String)
    When I click on OK                                                     # OnboardingSteps.i_click_on_OK()
    Then I am in Dashboard view                                            # OnboardingSteps.i_am_in_Dashboard_view()
Feature: subscription in a new program
</system-out>
    <system-err>Mar 02, 2020 10:12:40 PM org.openqa.selenium.remote.ProtocolHandshake createSession
INFO: Detected dialect: W3C
</system-err>
  </testcase>
  <testcase classname="Scenario: Check a premium user can subscribe for a new program" name="When I choose a program" time="13.959">
    <skipped/>
  </testcase>
  <testcase classname="Scenario: Check a premium user can subscribe for a new program" name="And I insert my basic information" time="13.96">
    <skipped/>
  </testcase>
  <testcase classname="Scenario: Check a premium user can subscribe for a new program" name="And I save the program" time="13.96">
    <skipped/>
  </testcase>
  <testcase classname="Scenario: Check a premium user can subscribe for a new program" name="Then I get redirected to dashboard view" time="13.961">
    <skipped/>
  </testcase>
  <testcase classname="Scenario: Check a premium user can subscribe for a new program" name="And I receive a message about new program in dashboard" time="13.962">
    <skipped/>
  </testcase>
  <testcase classname="Scenario: Check a premium user can subscribe for a new program" name="Scenario: Check a premium user can subscribe for a new program" time="14.138">
    <skipped/>
  </testcase>
  <testcase classname="Scenario: Check a premium user can subscribe for a new program" name="Scenario: Check a premium user can subscribe for a new program" time="14.138"/>
</testsuite>